<?xml version="1.0" encoding="UTF-8"?>
<testsuite xmlns:xsi="http://www.w3.org/2001/XMLSchema-instance" xsi:noNamespaceSchemaLocation="https://maven.apache.org/surefire/maven-surefire-plugin/xsd/surefire-test-report-3.0.xsd" version="3.0" name="TestSuite" time="14.233" tests="3" errors="0" skipped="0" failures="1">
  <properties>
[...]
</properties>
  <testcase name="runScenario[&quot;Successful Sign Up&quot;, &quot;User Sign Up, Login, and Sign Out&quot;](1)" classname="runners.TestRunner" time="4.844">
    <failure message="Unable to find element with locator By.xpath: //*[text()=&apos;Sign Out&apos;]&#10;For documentation on this error, please visit: https://www.selenium.dev/documentation/webdriver/troubleshooting/errors#no-such-element-exception&#10;Build info: version: &apos;4.11.0&apos;, revision: &apos;040bc5406b&apos;&#10;System info: os.name: &apos;Mac OS X&apos;, os.arch: &apos;x86_64&apos;, os.version: &apos;15.3.2&apos;, java.version: &apos;23.0.2&apos;&#10;Driver info: driver.version: RemoteWebDriver" type="org.openqa.selenium.NoSuchElementException"><![CDATA[org.openqa.selenium.NoSuchElementException: 
Unable to find element with locator By.xpath: //*[text()='Sign Out']
For documentation on this error, please visit: https://www.selenium.dev/documentation/webdriver/troubleshooting/errors#no-such-element-exception
Build info: version: '4.11.0', revision: '040bc5406b'
System info: os.name: 'Mac OS X', os.arch: 'x86_64', os.version: '15.3.2', java.version: '23.0.2'
Driver info: driver.version: RemoteWebDriver
	at org.openqa.selenium.remote.ElementLocation$ElementFinder$2.findElement(ElementLocation.java:168)
	at org.openqa.selenium.remote.ElementLocation.findElement(ElementLocation.java:59)
	at org.openqa.selenium.remote.RemoteWebDriver.findElement(RemoteWebDriver.java:355)
	at org.openqa.selenium.remote.RemoteWebDriver.findElement(RemoteWebDriver.java:349)
	at org.openqa.selenium.support.pagefactory.DefaultElementLocator.findElement(DefaultElementLocator.java:68)
	at org.openqa.selenium.support.pagefactory.internal.LocatingElementHandler.invoke(LocatingElementHandler.java:38)
	at jdk.proxy2/jdk.proxy2.$Proxy25.click(Unknown Source)
	at pages.HomePage.clickSignOut(HomePage.java:17)
	at stepDefinitions.StepDefinitions.user_clicks_sign_out(StepDefinitions.java:59)
	at ✽.User clicks on sign out(file:///Users/test/Desktop/Xlats/src/test/java/features/SignUpLogin.feature:8)
]]></failure>
    <system-out><![CDATA[
Scenario: Successful Sign Up                                                                                 &amp#27;[90m# src/test/java/features/SignUpLogin.feature:3&amp#27;[0m
  &amp#27;[32mGiven &amp#27;[0m&amp#27;[32mUser opens the browser and navigates to the portal&amp#27;[0m                                                   &amp#27;[90m# stepDefinitions.StepDefinitions.user_opens_browser()&amp#27;[0m
  &amp#27;[32mThen &amp#27;[0m&amp#27;[32mNavigate to signup page&amp#27;[0m                                                                               &amp#27;[90m# stepDefinitions.StepDefinitions.navigate_to_signup_page()&amp#27;[0m
  &amp#27;[32mWhen &amp#27;[0m&amp#27;[32mUser enters email &amp#27;[0m&amp#27;[32m&amp#27;[1m"femi123@gmail.com"&amp#27;[0m&amp#27;[32m, password &amp#27;[0m&amp#27;[32m&amp#27;[1m"@Tatabyebye05"&amp#27;[0m&amp#27;[32m, and confirm password &amp#27;[0m&amp#27;[32m&amp#27;[1m"@Tatabyebye05"&amp#27;[0m &amp#27;[90m# stepDefinitions.StepDefinitions.user_enters_signup_details(java.lang.String,java.lang.String,java.lang.String)&amp#27;[0m
  &amp#27;[32mAnd &amp#27;[0m&amp#27;[32mUser clicks on sign up&amp#27;[0m                                                                                 &amp#27;[90m# stepDefinitions.StepDefinitions.user_clicks_sign_up()&amp#27;[0m
  &amp#27;[31mThen &amp#27;[0m&amp#27;[31mUser clicks on sign out&amp#27;[0m                                                                               &amp#27;[90m# stepDefinitions.StepDefinitions.user_clicks_sign_out()&amp#27;[0m
      &amp#27;[31morg.openqa.selenium.NoSuchElementException: Unable to find element with locator By.xpath: //*[text()='Sign Out']
For documentation on this error, please visit: https://www.selenium.dev/documentation/webdriver/troubleshooting/errors#no-such-element-exception
Build info: version: '4.11.0', revision: '040bc5406b'
System info: os.name: 'Mac OS X', os.arch: 'x86_64', os.version: '15.3.2', java.version: '23.0.2'
Driver info: driver.version: RemoteWebDriver
	at org.openqa.selenium.remote.ElementLocation$ElementFinder$2.findElement(ElementLocation.java:168)
	at org.openqa.selenium.remote.ElementLocation.findElement(ElementLocation.java:59)
	at org.openqa.selenium.remote.RemoteWebDriver.findElement(RemoteWebDriver.java:355)
	at org.openqa.selenium.remote.RemoteWebDriver.findElement(RemoteWebDriver.java:349)
	at org.openqa.selenium.support.pagefactory.DefaultElementLocator.findElement(DefaultElementLocator.java:68)
	at org.openqa.selenium.support.pagefactory.internal.LocatingElementHandler.invoke(LocatingElementHandler.java:38)
	at jdk.proxy2/jdk.proxy2.$Proxy25.click(Unknown Source)
	at pages.HomePage.clickSignOut(HomePage.java:17)
	at stepDefinitions.StepDefinitions.user_clicks_sign_out(StepDefinitions.java:59)
	at ✽.User clicks on sign out(file:///Users/test/Desktop/Xlats/src/test/java/features/SignUpLogin.feature:8)
&amp#27;[0m
]]></system-out>
    <system-err><![CDATA[SLF4J: Failed to load class "org.slf4j.impl.StaticLoggerBinder".
SLF4J: Defaulting to no-operation (NOP) logger implementation
SLF4J: See http://www.slf4j.org/codes.html#StaticLoggerBinder for further details.
Apr 06, 2025 12:08:14 AM org.openqa.selenium.devtools.CdpVersionFinder findNearestMatch
WARNING: Unable to find CDP implementation matching 134
Apr 06, 2025 12:08:14 AM org.openqa.selenium.chromium.ChromiumDriver lambda$new$5
WARNING: Unable to find version of CDP to use for 134.0.6998.166. You may need to include a dependency on a specific version of the CDP using something similar to `org.seleniumhq.selenium:selenium-devtools-v86:4.11.0` where the version ("v86") matches the version of the chromium-based browser you're using and the version number of the artifact is the same as Selenium's.
]]></system-err>
  </testcase>
  <testcase name="runScenario[&quot;Successful Login&quot;, &quot;User Sign Up, Login, and Sign Out&quot;](2)" classname="runners.TestRunner" time="4.999">
    <system-out><![CDATA[
Scenario: Successful Login                                                      &amp#27;[90m# src/test/java/features/SignUpLogin.feature:10&amp#27;[0m
  &amp#27;[32mGiven &amp#27;[0m&amp#27;[32mUser opens the browser and navigates to the portal&amp#27;[0m                      &amp#27;[90m# stepDefinitions.StepDefinitions.user_opens_browser()&amp#27;[0m
  &amp#27;[32mThen &amp#27;[0m&amp#27;[32mNavigate to signin page and click here&amp#27;[0m                                   &amp#27;[90m# stepDefinitions.StepDefinitions.navigate_to_signin_page()&amp#27;[0m
  &amp#27;[32mWhen &amp#27;[0m&amp#27;[32mUser enters login email &amp#27;[0m&amp#27;[32m&amp#27;[1m"femi123@gmail.com"&amp#27;[0m&amp#27;[32m and password &amp#27;[0m&amp#27;[32m&amp#27;[1m"@Tatabyebye05"&amp#27;[0m &amp#27;[90m# stepDefinitions.StepDefinitions.user_enters_login_details(java.lang.String,java.lang.String)&amp#27;[0m
  &amp#27;[32mAnd &amp#27;[0m&amp#27;[32mUser clicks on login&amp#27;[0m                                                      &amp#27;[90m# stepDefinitions.StepDefinitions.user_clicks_login()&amp#27;[0m
  &amp#27;[32mThen &amp#27;[0m&amp#27;[32mUser clicks on sign out&amp#27;[0m                                                  &amp#27;[90m# stepDefinitions.StepDefinitions.user_clicks_sign_out()&amp#27;[0m
]]></system-out>
    <system-err><![CDATA[Apr 06, 2025 12:08:18 AM org.openqa.selenium.devtools.CdpVersionFinder findNearestMatch
WARNING: Unable to find CDP implementation matching 134
Apr 06, 2025 12:08:18 AM org.openqa.selenium.chromium.ChromiumDriver lambda$new$5
WARNING: Unable to find version of CDP to use for 134.0.6998.166. You may need to include a dependency on a specific version of the CDP using something similar to `org.seleniumhq.selenium:selenium-devtools-v86:4.11.0` where the version ("v86") matches the version of the chromium-based browser you're using and the version number of the artifact is the same as Selenium's.
]]></system-err>
  </testcase>
  <testcase name="runScenario[&quot;Sign Up with mismatched passwords&quot;, &quot;User Sign Up, Login, and Sign Out&quot;](3)" classname="runners.TestRunner" time="3.617">
    <system-out><![CDATA[
Scenario: Sign Up with mismatched passwords                                                                 &amp#27;[90m# src/test/java/features/SignUpLogin.feature:17&amp#27;[0m
  &amp#27;[32mGiven &amp#27;[0m&amp#27;[32mUser opens the browser and navigates to the portal&amp#27;[0m                                                  &amp#27;[90m# stepDefinitions.StepDefinitions.user_opens_browser()&amp#27;[0m
  &amp#27;[32mThen &amp#27;[0m&amp#27;[32mNavigate to signup page&amp#27;[0m                                                                              &amp#27;[90m# stepDefinitions.StepDefinitions.navigate_to_signup_page()&amp#27;[0m
  &amp#27;[32mWhen &amp#27;[0m&amp#27;[32mUser enters email &amp#27;[0m&amp#27;[32m&amp#27;[1m"fem123@gmail.com"&amp#27;[0m&amp#27;[32m, password &amp#27;[0m&amp#27;[32m&amp#27;[1m"@Tatabyebye09"&amp#27;[0m&amp#27;[32m, and confirm password &amp#27;[0m&amp#27;[32m&amp#27;[1m"@Tatabyebye07"&amp#27;[0m &amp#27;[90m# stepDefinitions.StepDefinitions.user_enters_signup_details(java.lang.String,java.lang.String,java.lang.String)&amp#27;[0m
  &amp#27;[32mThen &amp#27;[0m&amp#27;[32mVerify sign up button is disabled and error message is displayed&amp#27;[0m                                     &amp#27;[90m# stepDefinitions.StepDefinitions.verify_sign_up_button_and_error_message()&amp#27;[0m
]]></system-out>
    <system-err><![CDATA[Apr 06, 2025 12:08:23 AM org.openqa.selenium.devtools.CdpVersionFinder findNearestMatch
WARNING: Unable to find CDP implementation matching 134
Apr 06, 2025 12:08:23 AM org.openqa.selenium.chromium.ChromiumDriver lambda$new$5
WARNING: Unable to find version of CDP to use for 134.0.6998.166. You may need to include a dependency on a specific version of the CDP using something similar to `org.seleniumhq.selenium:selenium-devtools-v86:4.11.0` where the version ("v86") matches the version of the chromium-based browser you're using and the version number of the artifact is the same as Selenium's.
]]></system-err>
  </testcase>
</testsuite>